[debug] ----------------------------------------------------------------------
[debug] Command:      /Users/tobiasthun/.nvm/versions/node/v10.16.0/bin/node /usr/local/bin/firebase deploy
[debug] CLI Version:  3.4.0
[debug] Platform:     darwin
[debug] Node Version: v10.16.0
[debug] Time:         Mon Jul 29 2019 22:57:43 GMT+0200 (GMT+02:00)
[debug] ----------------------------------------------------------------------
[debug] 
[debug] > command requires scopes: ["email","openid","https://www.googleapis.com/auth/cloudplatformprojects.readonly","https://www.googleapis.com/auth/firebase"]
[debug] > refreshing access token with scopes: ["email","https://www.googleapis.com/auth/cloudplatformprojects.readonly","https://www.googleapis.com/auth/firebase","openid"]
[debug] >>> HTTP REQUEST POST https://www.googleapis.com/oauth2/v3/token { refresh_token:
   '1/CGNZohnKvMpljXik_1KLT1n3dkPMbYzQ1yK6C1epikdh3_StV-T0XLBZRmf-bB2z',
  client_id:
   '563584335869-fgrhgmd47bqnekij5i8b5pr03ho849e6.apps.googleusercontent.com',
  client_secret: 'j9iVZfS8kkCEFUPaAeJV0sAi',
  grant_type: 'refresh_token',
  scope:
   'email https://www.googleapis.com/auth/cloudplatformprojects.readonly https://www.googleapis.com/auth/firebase openid' } 
 Mon Jul 29 2019 22:57:43 GMT+0200 (GMT+02:00)
[debug] <<< HTTP RESPONSE 200
[debug] >>> HTTP REQUEST GET https://admin.firebase.com/v1/projects/blirebandy  
 Mon Jul 29 2019 22:57:43 GMT+0200 (GMT+02:00)
[debug] <<< HTTP RESPONSE 200
[debug] >>> HTTP REQUEST GET https://admin.firebase.com/v1/database/blirebandy/tokens  
 Mon Jul 29 2019 22:57:44 GMT+0200 (GMT+02:00)
[debug] <<< HTTP RESPONSE 200
[info] 
[info] === Deploying to 'blirebandy'...
[info] 
[info] i  deploying hosting
[info] ✔  database: rules ready to deploy.
[info] i  hosting: preparing build directory for upload...
[debug] >>> HTTP REQUEST PUT https://deploy.firebase.com/v1/hosting/blirebandy/uploads/-LkzWa7uGLhwKEjYNLAX?fileCount=16&message=  
 Mon Jul 29 2019 22:57:47 GMT+0200 (GMT+02:00)
[debug] <<< HTTP RESPONSE 410
[debug] <<< HTTP RESPONSE BODY undefined
[debug] TypeError: Cannot read property 'error' of undefined
    at module.exports (/usr/local/lib/node_modules/firebase-tools/lib/responseToError.js:10:13)
    at Request._callback (/usr/local/lib/node_modules/firebase-tools/lib/api.js:39:25)
    at Request.self.callback (/usr/local/lib/node_modules/firebase-tools/node_modules/request/request.js:186:22)
    at Request.emit (events.js:198:13)
    at Request.<anonymous> (/usr/local/lib/node_modules/firebase-tools/node_modules/request/request.js:1081:10)
    at Request.emit (events.js:198:13)
    at IncomingMessage.<anonymous> (/usr/local/lib/node_modules/firebase-tools/node_modules/request/request.js:1001:12)
    at Object.onceWrapper (events.js:286:20)
    at IncomingMessage.emit (events.js:203:15)
    at endReadableNT (_stream_readable.js:1129:12)
[error] 
[error] Error: An unexpected error has occurred.
